E:\PROJECT\PERPROJECT\RESTPACKAGE\SLN\DEBUG\RESTFUL.DLL
E:\Project\PerProject\RestPackage\sln\Debug\restful.exp
E:\PROJECT\PERPROJECT\RESTPACKAGE\SLN\DEBUG\RESTFUL.ILK
E:\Project\PerProject\RestPackage\sln\Debug\restful.lib
E:\Project\PerProject\RestPackage\sln\restful\Debug\cl.command.1.tlog
E:\Project\PerProject\RestPackage\sln\restful\Debug\CL.read.1.tlog
E:\Project\PerProject\RestPackage\sln\restful\Debug\CL.write.1.tlog
E:\Project\PerProject\RestPackage\sln\restful\Debug\link.7752.read.1.tlog
E:\Project\PerProject\RestPackage\sln\restful\Debug\link.7752.write.1.tlog
E:\Project\PerProject\RestPackage\sln\restful\Debug\link.7752-cvtres.read.1.tlog
E:\Project\PerProject\RestPackage\sln\restful\Debug\link.7752-cvtres.write.1.tlog
E:\Project\PerProject\RestPackage\sln\restful\Debug\link.command.1.tlog
E:\Project\PerProject\RestPackage\sln\restful\Debug\link.read.1.tlog
E:\Project\PerProject\RestPackage\sln\restful\Debug\link.write.1.tlog
E:\Project\PerProject\RestPackage\sln\restful\Debug\link-cvtres.read.1.tlog
E:\Project\PerProject\RestPackage\sln\restful\Debug\link-cvtres.write.1.tlog
E:\Project\PerProject\RestPackage\sln\restful\Debug\mt.command.1.tlog
E:\Project\PerProject\RestPackage\sln\restful\Debug\mt.read.1.tlog
E:\Project\PerProject\RestPackage\sln\restful\Debug\mt.write.1.tlog
E:\Project\PerProject\RestPackage\sln\restful\Debug\rc.command.1.tlog
E:\Project\PerProject\RestPackage\sln\restful\Debug\rc.read.1.tlog
E:\Project\PerProject\RestPackage\sln\restful\Debug\rc.write.1.tlog
E:\PROJECT\PERPROJECT\RESTPACKAGE\SLN\RESTFUL\DEBUG\RESTFUL.DLL.EMBED.MANIFEST
E:\PROJECT\PERPROJECT\RESTPACKAGE\SLN\RESTFUL\DEBUG\RESTFUL.DLL.EMBED.MANIFEST.RES
E:\PROJECT\PERPROJECT\RESTPACKAGE\SLN\RESTFUL\DEBUG\RESTFUL.DLL.INTERMEDIATE.MANIFEST
E:\PROJECT\PERPROJECT\RESTPACKAGE\SLN\RESTFUL\DEBUG\RESTFUL.OBJ
E:\Project\PerProject\RestPackage\sln\restful\Debug\restful.write.1.tlog
E:\Project\PerProject\RestPackage\sln\restful\Debug\restful_manifest.rc
E:\Project\PerProject\RestPackage\sln\restful\Debug\vc100.idb
E:\PROJECT\PERPROJECT\RESTPACKAGE\SLN\RESTFUL\DEBUG\VC100.PDB
